<?xml version="1.0" encoding="utf-8"?><testsuites name="pytest tests"><testsuite name="pytest" errors="0" failures="0" skipped="0" tests="52" time="9.069" timestamp="2026-08-25T07:35:30.343089+00:00" hostname="agent-env-104e19ae-cd60-4114-bb08-cd68ba1bc894"><testcase classname="tests.test_auth.TestHealthAndAuth" name="test_health" time="0.149" /><testcase classname="tests.test_auth.TestRoleAccess" name="test_finance_unauthenticated_401" time="0.210" /><testcase classname="tests.test_auth.TestHealthAndAuth" name="test_login_owner_sets_httponly_cookies" time="0.330" /><testcase classname="tests.test_auth.TestHealthAndAuth" name="test_login_wrong_password_401" time="0.458" /><testcase classname="tests.test_auth.TestRoleAccess" name="test_finance_admin_403" time="0.728" /><testcase classname="tests.test_auth.TestHealthAndAuth" name="test_me_requires_auth" time="0.321" /><testcase classname="tests.test_auth.TestRoleAccess" name="test_finance_owner_200" time="0.368" /><testcase classname="tests.test_auth.TestHealthAndAuth" name="test_me_and_refresh_and_logout" time="0.716" /><testcase classname="tests.test_auth.TestRoleAccess" name="test_owner_only_endpoints_forbidden_for_admin[/users]" time="0.048" /><testcase classname="tests.test_auth.TestRoleAccess" name="test_owner_only_endpoints_forbidden_for_admin[/expenses]" time="0.229" /><testcase classname="tests.test_auth.TestRoleAccess" name="test_owner_only_endpoints_forbidden_for_admin[/analytics]" time="0.045" /><testcase classname="tests.test_auth.TestHealthAndAuth" name="test_brute_force_lockout_after_5_fails_local" time="0.224" /><testcase classname="tests.test_auth.TestRoleAccess" name="test_photographer_cannot_access_dashboard_stats" time="0.400" /><testcase classname="tests.test_auth.TestRoleAccess" name="test_photographer_sees_only_assigned_bookings" time="0.103" /><testcase classname="tests.test_auth.TestRoleAccess" name="test_photographer_cannot_create_booking" time="0.059" /><testcase classname="tests.test_auth.TestHealthAndAuth" name="test_brute_force_lockout_via_public_ingress" time="0.650" /><testcase classname="tests.test_bookings.TestBookingCrudAndFilters" name="test_admin_create_and_update" time="0.563" /><testcase classname="tests.test_bookings.TestBookingCrudAndFilters" name="test_invalid_status_rejected" time="0.043" /><testcase classname="tests.test_bookings.TestBookingCrudAndFilters" name="test_get_missing_booking_404" time="0.043" /><testcase classname="tests.test_bookings.TestBookingCrudAndFilters" name="test_assign_photographer" time="0.130" /><testcase classname="tests.test_auth.TestHealthAndAuth" name="test_bcrypt_hash_format" time="0.077" /><testcase classname="tests.test_bookings.TestBookingCrudAndFilters" name="test_filters" time="0.355" /><testcase classname="tests.test_bookings.TestPayments" name="test_add_payments_updates_totals_and_status" time="0.633" /><testcase classname="tests.test_bookings.TestPublicBooking" name="test_public_packages" time="0.132" /><testcase classname="tests.test_bookings.TestPublicBooking" name="test_public_create_booking_and_visible_in_admin" time="0.180" /><testcase classname="tests.test_bookings.TestPayments" name="test_zero_payment_rejected" time="0.045" /><testcase classname="tests.test_bookings.TestPayments" name="test_payment_on_missing_booking" time="0.044" /><testcase classname="tests.test_bookings.TestPublicBooking" name="test_public_create_validation" time="0.085" /><testcase classname="tests.test_bookings.TestPayments" name="test_delete_payment_recomputes" time="0.273" /><testcase classname="tests.test_bookings.TestInvoice" name="test_invoice_data_and_pdf" time="0.178" /><testcase classname="tests.test_bookings.TestInvoice" name="test_invoice_pdf_requires_auth" time="0.096" /><testcase classname="tests.test_bookings.TestInvoice" name="test_send_invoice_creates_notification" time="0.382" /><testcase classname="tests.test_bookings.TestPayments" name="test_admin_cannot_delete_payment" time="0.479" /><testcase classname="tests.test_bookings.TestScheduleConflicts" name="test_schedule_returns_conflict_flags" time="0.043" /><testcase classname="tests.test_bookings.TestScheduleConflicts" name="test_schedule_requires_auth" time="0.296" /><testcase classname="tests.test_bookings.TestPortalAndPhotos" name="test_portal_flow_photos_and_submit" time="1.066" /><testcase classname="tests.test_ops.TestUsers" name="test_list_users_no_hash" time="0.403" /><testcase classname="tests.test_ops.TestUsers" name="test_create_photographer_and_login" time="0.993" /><testcase classname="tests.test_bookings.TestPortalAndPhotos" name="test_portal_invalid_token_404" time="0.046" /><testcase classname="tests.test_ops.TestUsers" name="test_cannot_delete_self" time="0.397" /><testcase classname="tests.test_ops.TestFinance" name="test_finance_summary_structure" time="0.392" /><testcase classname="tests.test_ops.TestExpenses" name="test_create_list_delete_expense" time="0.265" /><testcase classname="tests.test_ops.TestFinance" name="test_finance_range_filter" time="0.047" /><testcase classname="tests.test_ops.TestNotifications" name="test_list_and_run_checks" time="0.142" /><testcase classname="tests.test_ops.TestExpenses" name="test_negative_expense_rejected" time="0.045" /><testcase classname="tests.test_round2_fixes.TestBruteForceEmailKeyed" name="test_lockout_exactly_on_6th_via_public_url" time="0.793" /><testcase classname="tests.test_ops.TestNotifications" name="test_notifications_forbidden_for_photographer" time="0.397" /><testcase classname="tests.test_ops.TestDashboard" name="test_dashboard_stats" time="0.095" /><testcase classname="tests.test_ops.TestAnalytics" name="test_analytics" time="0.048" /><testcase classname="tests.test_round2_fixes.TestPortalPhotosFlow" name="test_add_photo_and_portal_visible" time="0.592" /><testcase classname="tests.test_round2_fixes.TestBruteForceEmailKeyed" name="test_owner_login_unaffected_by_other_email_lockout" time="0.778" /><testcase classname="tests.test_round2_fixes.TestPhotographerScope" name="test_photographer_dashboard_forbidden_but_schedule_ok" time="0.458" /></testsuite></testsuites>