<?xml version="1.0" encoding="utf-8"?><testsuites name="pytest tests"><testsuite name="pytest" errors="0" failures="1" skipped="0" tests="73" time="13.253" timestamp="2026-08-25T07:46:54.697222+00:00" hostname="agent-env-104e19ae-cd60-4114-bb08-cd68ba1bc894"><testcase classname="tests.test_auth.TestHealthAndAuth" name="test_health" time="0.747" /><testcase classname="tests.test_auth.TestRoleAccess" name="test_finance_unauthenticated_401" time="0.746" /><testcase classname="tests.test_auth.TestHealthAndAuth" name="test_login_owner_sets_httponly_cookies" time="0.552" /><testcase classname="tests.test_auth.TestRoleAccess" name="test_finance_admin_403" time="0.551" /><testcase classname="tests.test_auth.TestHealthAndAuth" name="test_login_wrong_password_401" time="0.272" /><testcase classname="tests.test_auth.TestHealthAndAuth" name="test_me_requires_auth" time="0.262" /><testcase classname="tests.test_auth.TestRoleAccess" name="test_finance_owner_200" time="0.585" /><testcase classname="tests.test_auth.TestHealthAndAuth" name="test_me_and_refresh_and_logout" time="0.678" /><testcase classname="tests.test_auth.TestRoleAccess" name="test_owner_only_endpoints_forbidden_for_admin[/users]" time="0.045" /><testcase classname="tests.test_auth.TestRoleAccess" name="test_owner_only_endpoints_forbidden_for_admin[/expenses]" time="0.225" /><testcase classname="tests.test_auth.TestRoleAccess" name="test_owner_only_endpoints_forbidden_for_admin[/analytics]" time="0.043" /><testcase classname="tests.test_auth.TestRoleAccess" name="test_photographer_cannot_access_dashboard_stats" time="0.367" /><testcase classname="tests.test_auth.TestHealthAndAuth" name="test_brute_force_lockout_after_5_fails_local" time="0.219" /><testcase classname="tests.test_auth.TestRoleAccess" name="test_photographer_sees_only_assigned_bookings" time="0.124" /><testcase classname="tests.test_auth.TestRoleAccess" name="test_photographer_cannot_create_booking" time="0.082" /><testcase classname="tests.test_auth.TestHealthAndAuth" name="test_brute_force_lockout_via_public_ingress" time="0.849" /><testcase classname="tests.test_settings.TestSettingsRoleGuard" name="test_get_settings_owner_ok" time="0.402" /><testcase classname="tests.test_settings.TestSettingsRoleGuard" name="test_get_settings_admin_forbidden" time="0.399" /><testcase classname="tests.test_settings.TestSettingsRoleGuard" name="test_patch_settings_admin_forbidden" time="0.043" /><testcase classname="tests.test_auth.TestHealthAndAuth" name="test_bcrypt_hash_format" time="0.075" /><testcase classname="tests.test_settings.TestSettingsRoleGuard" name="test_put_packages_admin_forbidden" time="0.045" /><testcase classname="tests.test_settings.TestPackagesCRUD" name="test_add_edit_delete_package" time="1.096" /><testcase classname="tests.test_settings.TestSettingsRoleGuard" name="test_settings_photographer_forbidden" time="0.633" /><testcase classname="tests.test_settings.TestSettingsRoleGuard" name="test_settings_anon_unauthorized" time="0.091" /><testcase classname="tests.test_bookings.TestBookingCrudAndFilters" name="test_admin_create_and_update" time="0.458" /><testcase classname="tests.test_settings.TestPackagesCRUD" name="test_package_id_stable_on_edit" time="0.087" /><testcase classname="tests.test_settings.TestPackagesCRUD" name="test_package_validation_missing_name" time="0.082" /><testcase classname="tests.test_bookings.TestBookingCrudAndFilters" name="test_invalid_status_rejected" time="0.045" /><testcase classname="tests.test_bookings.TestBookingCrudAndFilters" name="test_get_missing_booking_404" time="0.085" /><testcase classname="tests.test_settings.TestPackagesCRUD" name="test_package_validation_missing_price" time="0.043" /><testcase classname="tests.test_settings.TestPackagesCRUD" name="test_package_invalid_price_type" time="0.043"><failure message="AssertionError: expected 4xx, got 500 Internal Server Error&#10;assert 500 in (400, 422)&#10; +  where 500 = &lt;Response [500]&gt;.status_code">self = &lt;test_settings.TestPackagesCRUD object at 0xf871c831d410&gt;
owner = &lt;requests.sessions.Session object at 0xf871c8329c50&gt;

    def test_package_invalid_price_type(self, owner):
        r = owner.put(f"{API}/settings/packages",
                      json={"packages": [{"name": "TEST_Bad", "price": "abc"}]}, timeout=30)
&gt;       assert r.status_code in (400, 422), f"expected 4xx, got {r.status_code} {r.text[:200]}"
E       AssertionError: expected 4xx, got 500 Internal Server Error
E       assert 500 in (400, 422)
E        +  where 500 = &lt;Response [500]&gt;.status_code

tests/test_settings.py:228: AssertionError</failure></testcase><testcase classname="tests.test_bookings.TestBookingCrudAndFilters" name="test_assign_photographer" time="0.151" /><testcase classname="tests.test_settings.TestPackagesCRUD" name="test_public_packages_unaffected_by_failed_save" time="0.294" /><testcase classname="tests.test_bookings.TestBookingCrudAndFilters" name="test_filters" time="0.139" /><testcase classname="tests.test_bookings.TestPayments" name="test_add_payments_updates_totals_and_status" time="0.777" /><testcase classname="tests.test_settings.TestFormOptions" name="test_time_slots_update" time="0.756" /><testcase classname="tests.test_settings.TestFormOptions" name="test_payment_methods_update" time="0.088" /><testcase classname="tests.test_bookings.TestPayments" name="test_zero_payment_rejected" time="0.082" /><testcase classname="tests.test_settings.TestFormOptions" name="test_empty_list_falls_back_to_defaults" time="0.042" /><testcase classname="tests.test_settings.TestFormOptions" name="test_partial_patch_does_not_clear_other_fields" time="0.199" /><testcase classname="tests.test_bookings.TestPayments" name="test_payment_on_missing_booking" time="0.084" /><testcase classname="tests.test_bookings.TestPayments" name="test_delete_payment_recomputes" time="0.218" /><testcase classname="tests.test_bookings.TestPublicBooking" name="test_public_packages" time="0.093" /><testcase classname="tests.test_bookings.TestPublicBooking" name="test_public_create_booking_and_visible_in_admin" time="0.652" /><testcase classname="tests.test_bookings.TestPayments" name="test_admin_cannot_delete_payment" time="0.595" /><testcase classname="tests.test_bookings.TestInvoice" name="test_invoice_data_and_pdf" time="0.147" /><testcase classname="tests.test_bookings.TestPublicBooking" name="test_public_create_validation" time="0.043" /><testcase classname="tests.test_bookings.TestInvoice" name="test_invoice_pdf_requires_auth" time="0.251" /><testcase classname="tests.test_bookings.TestInvoice" name="test_send_invoice_creates_notification" time="0.425" /><testcase classname="tests.test_ops.TestUsers" name="test_list_users_no_hash" time="0.450" /><testcase classname="tests.test_ops.TestUsers" name="test_create_photographer_and_login" time="0.978" /><testcase classname="tests.test_settings.TestBusinessInfo" name="test_update_business_persists_and_public" time="0.740" /><testcase classname="tests.test_ops.TestUsers" name="test_cannot_delete_self" time="0.147" /><testcase classname="tests.test_settings.TestBusinessInfo" name="test_business_ignores_unknown_keys" time="0.044" /><testcase classname="tests.test_settings.TestBusinessInfo" name="test_invoice_pdf_uses_updated_business" time="0.491" /><testcase classname="tests.test_bookings.TestScheduleConflicts" name="test_schedule_returns_conflict_flags" time="0.368" /><testcase classname="tests.test_bookings.TestScheduleConflicts" name="test_schedule_requires_auth" time="0.098" /><testcase classname="tests.test_ops.TestFinance" name="test_finance_summary_structure" time="0.593" /><testcase classname="tests.test_bookings.TestPortalAndPhotos" name="test_portal_flow_photos_and_submit" time="1.358" /><testcase classname="tests.test_ops.TestFinance" name="test_finance_range_filter" time="0.044" /><testcase classname="tests.test_ops.TestExpenses" name="test_create_list_delete_expense" time="0.281" /><testcase classname="tests.test_ops.TestExpenses" name="test_negative_expense_rejected" time="0.042" /><testcase classname="tests.test_round2_fixes.TestBruteForceEmailKeyed" name="test_lockout_exactly_on_6th_via_public_url" time="0.395" /><testcase classname="tests.test_round2_fixes.TestBruteForceEmailKeyed" name="test_owner_login_unaffected_by_other_email_lockout" time="1.097" /><testcase classname="tests.test_bookings.TestPortalAndPhotos" name="test_portal_invalid_token_404" time="0.044" /><testcase classname="tests.test_ops.TestNotifications" name="test_list_and_run_checks" time="0.454" /><testcase classname="tests.test_ops.TestNotifications" name="test_notifications_forbidden_for_photographer" time="0.546" /><testcase classname="tests.test_ops.TestDashboard" name="test_dashboard_stats" time="0.046" /><testcase classname="tests.test_ops.TestAnalytics" name="test_analytics" time="0.050" /><testcase classname="tests.test_settings.TestPublicSite" name="test_public_site_no_auth" time="0.098" /><testcase classname="tests.test_round2_fixes.TestPhotographerScope" name="test_photographer_dashboard_forbidden_but_schedule_ok" time="0.455" /><testcase classname="tests.test_settings.TestPublicSite" name="test_public_packages_no_auth" time="0.042" /><testcase classname="tests.test_round2_fixes.TestPortalPhotosFlow" name="test_add_photo_and_portal_visible" time="0.536" /></testsuite></testsuites>